Started at Sat Feb 03 18:11:03 UTC 2024
Processing Application Upgrade
Offering Application Upgrade to Project Build Discarder
Application Upgrade accepted by Project Build Discarder
Processing DeployNgnix
Offering DeployNgnix to Project Build Discarder
DeployNgnix accepted by Project Build Discarder
Processing Disaster Recovery
Offering Disaster Recovery to Project Build Discarder
Disaster Recovery accepted by Project Build Discarder
Processing MCAfeeDemo
Offering MCAfeeDemo to Project Build Discarder
MCAfeeDemo accepted by Project Build Discarder
Finished at Sat Feb 03 18:11:03 UTC 2024. 145ms
Started at Sat Feb 03 19:11:03 UTC 2024
Processing Application Upgrade
Offering Application Upgrade to Project Build Discarder
Application Upgrade accepted by Project Build Discarder
Processing DeployNgnix
Offering DeployNgnix to Project Build Discarder
DeployNgnix accepted by Project Build Discarder
Processing Disaster Recovery
Offering Disaster Recovery to Project Build Discarder
Disaster Recovery accepted by Project Build Discarder
Processing MCAfeeDemo
Offering MCAfeeDemo to Project Build Discarder
MCAfeeDemo accepted by Project Build Discarder
Finished at Sat Feb 03 19:11:03 UTC 2024. 2ms
Started at Sat Feb 03 20:11:03 UTC 2024
Processing Application Upgrade
Offering Application Upgrade to Project Build Discarder
Application Upgrade accepted by Project Build Discarder
Processing DeployNgnix
Offering DeployNgnix to Project Build Discarder
DeployNgnix accepted by Project Build Discarder
Processing Disaster Recovery
Offering Disaster Recovery to Project Build Discarder
Disaster Recovery accepted by Project Build Discarder
Processing MCAfeeDemo
Offering MCAfeeDemo to Project Build Discarder
MCAfeeDemo accepted by Project Build Discarder
Finished at Sat Feb 03 20:11:03 UTC 2024. 2ms
Started at Sat Feb 03 21:11:03 UTC 2024
Processing Application Upgrade
Offering Application Upgrade to Project Build Discarder
Application Upgrade accepted by Project Build Discarder
Processing DeployNgnix
Offering DeployNgnix to Project Build Discarder
DeployNgnix accepted by Project Build Discarder
Processing Disaster Recovery
Offering Disaster Recovery to Project Build Discarder
Disaster Recovery accepted by Project Build Discarder
Processing MCAfeeDemo
Offering MCAfeeDemo to Project Build Discarder
MCAfeeDemo accepted by Project Build Discarder
Finished at Sat Feb 03 21:11:03 UTC 2024. 18ms
Started at Sat Feb 03 22:11:03 UTC 2024
Processing Application Upgrade
Offering Application Upgrade to Project Build Discarder
Application Upgrade accepted by Project Build Discarder
Processing DeployNgnix
Offering DeployNgnix to Project Build Discarder
DeployNgnix accepted by Project Build Discarder
Processing Disaster Recovery
Offering Disaster Recovery to Project Build Discarder
Disaster Recovery accepted by Project Build Discarder
Processing MCAfeeDemo
Offering MCAfeeDemo to Project Build Discarder
MCAfeeDemo accepted by Project Build Discarder
Finished at Sat Feb 03 22:11:03 UTC 2024. 1ms
Started at Sat Feb 03 23:11:03 UTC 2024
Processing Application Upgrade
Offering Application Upgrade to Project Build Discarder
Application Upgrade accepted by Project Build Discarder
Processing DeployNgnix
Offering DeployNgnix to Project Build Discarder
DeployNgnix accepted by Project Build Discarder
Processing Disaster Recovery
Offering Disaster Recovery to Project Build Discarder
Disaster Recovery accepted by Project Build Discarder
Processing MCAfeeDemo
Offering MCAfeeDemo to Project Build Discarder
MCAfeeDemo accepted by Project Build Discarder
Finished at Sat Feb 03 23:11:03 UTC 2024. 1ms
Started at Sun Feb 04 00:11:03 UTC 2024
Processing Application Upgrade
Offering Application Upgrade to Project Build Discarder
Application Upgrade accepted by Project Build Discarder
Processing DeployNgnix
Offering DeployNgnix to Project Build Discarder
DeployNgnix accepted by Project Build Discarder
Processing Disaster Recovery
Offering Disaster Recovery to Project Build Discarder
Disaster Recovery accepted by Project Build Discarder
Processing MCAfeeDemo
Offering MCAfeeDemo to Project Build Discarder
MCAfeeDemo accepted by Project Build Discarder
Finished at Sun Feb 04 00:11:03 UTC 2024. 1ms
Started at Sun Feb 04 01:11:03 UTC 2024
Processing Application Upgrade
Offering Application Upgrade to Project Build Discarder
Application Upgrade accepted by Project Build Discarder
Processing DeployNgnix
Offering DeployNgnix to Project Build Discarder
DeployNgnix accepted by Project Build Discarder
Processing Disaster Recovery
Offering Disaster Recovery to Project Build Discarder
Disaster Recovery accepted by Project Build Discarder
Processing MCAfeeDemo
Offering MCAfeeDemo to Project Build Discarder
MCAfeeDemo accepted by Project Build Discarder
Finished at Sun Feb 04 01:11:03 UTC 2024. 2ms
Started at Sun Feb 04 02:11:03 UTC 2024
Processing Application Upgrade
Offering Application Upgrade to Project Build Discarder
Application Upgrade accepted by Project Build Discarder
Processing DeployNgnix
Offering DeployNgnix to Project Build Discarder
DeployNgnix accepted by Project Build Discarder
Processing Disaster Recovery
Offering Disaster Recovery to Project Build Discarder
Disaster Recovery accepted by Project Build Discarder
Processing MCAfeeDemo
Offering MCAfeeDemo to Project Build Discarder
MCAfeeDemo accepted by Project Build Discarder
Finished at Sun Feb 04 02:11:03 UTC 2024. 1ms
Started at Sun Feb 04 03:11:03 UTC 2024
Processing Application Upgrade
Offering Application Upgrade to Project Build Discarder
Application Upgrade accepted by Project Build Discarder
Processing DeployNgnix
Offering DeployNgnix to Project Build Discarder
DeployNgnix accepted by Project Build Discarder
Processing Disaster Recovery
Offering Disaster Recovery to Project Build Discarder
Disaster Recovery accepted by Project Build Discarder
Processing MCAfeeDemo
Offering MCAfeeDemo to Project Build Discarder
MCAfeeDemo accepted by Project Build Discarder
Finished at Sun Feb 04 03:11:03 UTC 2024. 2ms
Started at Sun Feb 04 04:11:03 UTC 2024
Processing Application Upgrade
Offering Application Upgrade to Project Build Discarder
Application Upgrade accepted by Project Build Discarder
Processing DeployNgnix
Offering DeployNgnix to Project Build Discarder
DeployNgnix accepted by Project Build Discarder
Processing Disaster Recovery
Offering Disaster Recovery to Project Build Discarder
Disaster Recovery accepted by Project Build Discarder
Processing MCAfeeDemo
Offering MCAfeeDemo to Project Build Discarder
MCAfeeDemo accepted by Project Build Discarder
Finished at Sun Feb 04 04:11:03 UTC 2024. 1ms
Started at Sun Feb 04 05:11:03 UTC 2024
Processing Application Upgrade
Offering Application Upgrade to Project Build Discarder
Application Upgrade accepted by Project Build Discarder
Processing DeployNgnix
Offering DeployNgnix to Project Build Discarder
DeployNgnix accepted by Project Build Discarder
Processing Disaster Recovery
Offering Disaster Recovery to Project Build Discarder
Disaster Recovery accepted by Project Build Discarder
Processing MCAfeeDemo
Offering MCAfeeDemo to Project Build Discarder
MCAfeeDemo accepted by Project Build Discarder
Finished at Sun Feb 04 05:11:03 UTC 2024. 2ms
Started at Sun Feb 04 06:11:03 UTC 2024
Processing Application Upgrade
Offering Application Upgrade to Project Build Discarder
Application Upgrade accepted by Project Build Discarder
Processing DeployNgnix
Offering DeployNgnix to Project Build Discarder
DeployNgnix accepted by Project Build Discarder
Processing Disaster Recovery
Offering Disaster Recovery to Project Build Discarder
Disaster Recovery accepted by Project Build Discarder
Processing MCAfeeDemo
Offering MCAfeeDemo to Project Build Discarder
MCAfeeDemo accepted by Project Build Discarder
Finished at Sun Feb 04 06:11:03 UTC 2024. 2ms
Started at Sun Feb 04 07:11:03 UTC 2024
Processing Application Upgrade
Offering Application Upgrade to Project Build Discarder
Application Upgrade accepted by Project Build Discarder
Processing DeployNgnix
Offering DeployNgnix to Project Build Discarder
DeployNgnix accepted by Project Build Discarder
Processing Disaster Recovery
Offering Disaster Recovery to Project Build Discarder
Disaster Recovery accepted by Project Build Discarder
Processing MCAfeeDemo
Offering MCAfeeDemo to Project Build Discarder
MCAfeeDemo accepted by Project Build Discarder
Finished at Sun Feb 04 07:11:03 UTC 2024. 1ms
Started at Sun Feb 04 08:11:03 UTC 2024
Processing Application Upgrade
Offering Application Upgrade to Project Build Discarder
Application Upgrade accepted by Project Build Discarder
Processing DeployNgnix
Offering DeployNgnix to Project Build Discarder
DeployNgnix accepted by Project Build Discarder
Processing Disaster Recovery
Offering Disaster Recovery to Project Build Discarder
Disaster Recovery accepted by Project Build Discarder
Processing MCAfeeDemo
Offering MCAfeeDemo to Project Build Discarder
MCAfeeDemo accepted by Project Build Discarder
Finished at Sun Feb 04 08:11:03 UTC 2024. 2ms
Started at Sun Feb 04 09:11:03 UTC 2024
Processing Application Upgrade
Offering Application Upgrade to Project Build Discarder
Application Upgrade accepted by Project Build Discarder
Processing DeployNgnix
Offering DeployNgnix to Project Build Discarder
DeployNgnix accepted by Project Build Discarder
Processing Disaster Recovery
Offering Disaster Recovery to Project Build Discarder
Disaster Recovery accepted by Project Build Discarder
Processing MCAfeeDemo
Offering MCAfeeDemo to Project Build Discarder
MCAfeeDemo accepted by Project Build Discarder
Finished at Sun Feb 04 09:11:03 UTC 2024. 2ms
Started at Sun Feb 04 10:11:03 UTC 2024
Processing Application Upgrade
Offering Application Upgrade to Project Build Discarder
Application Upgrade accepted by Project Build Discarder
Processing DeployNgnix
Offering DeployNgnix to Project Build Discarder
DeployNgnix accepted by Project Build Discarder
Processing Disaster Recovery
Offering Disaster Recovery to Project Build Discarder
Disaster Recovery accepted by Project Build Discarder
Processing MCAfeeDemo
Offering MCAfeeDemo to Project Build Discarder
MCAfeeDemo accepted by Project Build Discarder
Finished at Sun Feb 04 10:11:03 UTC 2024. 2ms
Started at Sun Feb 04 11:11:03 UTC 2024
Processing Application Upgrade
Offering Application Upgrade to Project Build Discarder
Application Upgrade accepted by Project Build Discarder
Processing DeployNgnix
Offering DeployNgnix to Project Build Discarder
DeployNgnix accepted by Project Build Discarder
Processing Disaster Recovery
Offering Disaster Recovery to Project Build Discarder
Disaster Recovery accepted by Project Build Discarder
Processing MCAfeeDemo
Offering MCAfeeDemo to Project Build Discarder
MCAfeeDemo accepted by Project Build Discarder
Finished at Sun Feb 04 11:11:03 UTC 2024. 2ms
